--- Log opened Fri Jun 14 16:21:02 2013
--- Log closed Fri Jun 14 16:21:02 2013
--- Log opened Fri Jun 14 16:22:07 2013
--- Log closed Fri Jun 14 16:22:07 2013
--- Log opened Fri Jun 14 19:01:43 2013
--- Log closed Fri Jun 14 19:01:43 2013
--- Log opened Fri Jun 14 21:50:20 2013
--- Log closed Fri Jun 14 21:50:20 2013
--- Log opened Fri Jun 14 23:51:49 2013
--- Log closed Fri Jun 14 23:51:49 2013
--- Log opened Sat Jun 15 01:55:33 2013
--- Log closed Sat Jun 15 01:55:33 2013
--- Log opened Sat Jun 15 03:56:14 2013
--- Log closed Sat Jun 15 03:56:14 2013
--- Log opened Sat Jun 15 05:56:54 2013
--- Log closed Sat Jun 15 05:56:54 2013
--- Log opened Sat Jun 15 06:46:47 2013
--- Log closed Sat Jun 15 06:46:47 2013
--- Log opened Sat Jun 15 08:21:08 2013
--- Log closed Sat Jun 15 08:21:09 2013
--- Log opened Sat Jun 15 10:25:07 2013
--- Log closed Sat Jun 15 10:25:07 2013
--- Log opened Sat Jun 15 11:55:29 2013
--- Log closed Sat Jun 15 11:55:29 2013
--- Log opened Sat Jun 15 13:56:11 2013
--- Log closed Sat Jun 15 13:56:12 2013
--- Log opened Sat Jun 15 15:56:55 2013
--- Log closed Sat Jun 15 15:56:55 2013
--- Log opened Sat Jun 15 17:12:20 2013
--- Log closed Sat Jun 15 17:12:20 2013
--- Log opened Sun Jun 16 02:42:47 2013
--- Log closed Sun Jun 16 02:42:47 2013
--- Log opened Sun Jun 16 09:46:55 2013
--- Log closed Sun Jun 16 09:46:55 2013
--- Log opened Sun Jun 16 23:35:15 2013
--- Log closed Sun Jun 16 23:35:16 2013
--- Log opened Mon Jun 17 07:46:18 2013
--- Log closed Mon Jun 17 07:46:18 2013
--- Log opened Mon Jun 17 09:46:04 2013
--- Log closed Mon Jun 17 09:46:05 2013
--- Log opened Tue Jun 18 08:25:03 2013
--- Log closed Tue Jun 18 08:25:03 2013
--- Log opened Tue Jun 18 08:29:02 2013
--- Log closed Tue Jun 18 08:29:02 2013
--- Log opened Tue Jun 18 10:01:44 2013
--- Log closed Tue Jun 18 10:01:44 2013
--- Log opened Tue Jun 18 22:04:30 2013
--- Log closed Tue Jun 18 22:04:31 2013
--- Log opened Wed Jun 19 08:13:22 2013
--- Log closed Wed Jun 19 08:13:22 2013
--- Log opened Wed Jun 19 09:45:42 2013
--- Log closed Wed Jun 19 09:45:42 2013
--- Log opened Wed Jun 19 11:45:13 2013
--- Log closed Wed Jun 19 11:45:13 2013
--- Log opened Wed Jun 19 19:07:01 2013
--- Log closed Wed Jun 19 19:07:01 2013
--- Log opened Wed Jun 19 20:54:59 2013
--- Log closed Wed Jun 19 20:54:59 2013
--- Log opened Thu Jun 20 07:13:38 2013
--- Log closed Thu Jun 20 07:13:38 2013
--- Log opened Thu Jun 20 08:36:42 2013
--- Log closed Thu Jun 20 08:36:42 2013
--- Log opened Thu Jun 20 19:25:16 2013
--- Log closed Thu Jun 20 19:25:16 2013
--- Log opened Fri Jun 21 00:46:21 2013
--- Log closed Fri Jun 21 00:46:22 2013
--- Log opened Fri Jun 21 02:06:06 2013
--- Log closed Fri Jun 21 02:06:07 2013
--- Log opened Fri Jun 21 06:49:05 2013
--- Log closed Fri Jun 21 06:49:05 2013
--- Log opened Fri Jun 21 09:08:50 2013
--- Log closed Fri Jun 21 09:08:50 2013
--- Log opened Fri Jun 21 14:26:51 2013
--- Log closed Fri Jun 21 14:26:51 2013
--- Log opened Fri Jun 21 19:37:20 2013
--- Log closed Fri Jun 21 19:37:20 2013
--- Log opened Sat Jun 22 19:59:25 2013
--- Log closed Sat Jun 22 19:59:26 2013
--- Log opened Sun Jun 23 00:59:56 2013
--- Log closed Sun Jun 23 00:59:57 2013
--- Log opened Sun Jun 23 08:35:45 2013
--- Log closed Sun Jun 23 08:35:45 2013
--- Log opened Sun Jun 23 23:48:03 2013
--- Log closed Sun Jun 23 23:48:04 2013
--- Log opened Mon Jun 24 00:55:24 2013
--- Log closed Mon Jun 24 00:55:25 2013
--- Log opened Mon Jun 24 02:57:26 2013
--- Log closed Mon Jun 24 02:57:28 2013
--- Log opened Mon Jun 24 04:58:10 2013
--- Log closed Mon Jun 24 04:58:11 2013
--- Log opened Mon Jun 24 06:28:33 2013
--- Log closed Mon Jun 24 06:28:34 2013
--- Log opened Mon Jun 24 07:33:56 2013
--- Log closed Mon Jun 24 07:33:56 2013
--- Log opened Mon Jun 24 09:25:20 2013
--- Log closed Mon Jun 24 09:25:20 2013
--- Log opened Mon Jun 24 18:45:43 2013
--- Log closed Mon Jun 24 18:45:44 2013
--- Log opened Mon Jun 24 18:58:50 2013
--- Log closed Mon Jun 24 18:58:50 2013
--- Log opened Mon Jun 24 23:36:28 2013
--- Log closed Mon Jun 24 23:36:28 2013
--- Log opened Tue Jun 25 02:32:14 2013
--- Log closed Tue Jun 25 02:32:14 2013
--- Log opened Tue Jun 25 07:02:09 2013
--- Log closed Tue Jun 25 07:02:09 2013
